<?xml version="1.0" ?>
<coverage version="7.8.2" timestamp="1753750797442" lines-valid="73" lines-covered="72" line-rate="0.9863" branches-covered="0" branches-valid="0" branch-rate="0" complexity="0">
	<!-- Generated by coverage.py: https://coverage.readthedocs.io/en/7.8.2 -->
	<!-- Based on https://raw.githubusercontent.com/cobertura/web/master/htdocs/xml/coverage-04.dtd -->
	<sources>
		<source>/Users/krishnasathvikaganni/PROJECTS/CUSTOMER_CHURN_PREDICTION/src</source>
	</sources>
	<packages>
		<package name="." line-rate="0.9863" branch-rate="0" complexity="0">
			<classes>
				<class name="__init__.py" filename="__init__.py" complexity="0" line-rate="1" branch-rate="0">
					<methods/>
					<lines/>
				</class>
				<class name="data_preprocessing.py" filename="data_preprocessing.py" complexity="0" line-rate="1" branch-rate="0">
					<methods/>
					<lines>
						<line number="1" hits="1"/>
						<line number="2" hits="1"/>
						<line number="6" hits="1"/>
						<line number="7" hits="1"/>
						<line number="8" hits="1"/>
						<line number="11" hits="1"/>
						<line number="12" hits="1"/>
						<line number="15" hits="1"/>
						<line number="18" hits="1"/>
						<line number="21" hits="1"/>
						<line number="22" hits="1"/>
						<line number="25" hits="1"/>
						<line number="27" hits="1"/>
					</lines>
				</class>
				<class name="feature_engineering.py" filename="feature_engineering.py" complexity="0" line-rate="1" branch-rate="0">
					<methods/>
					<lines>
						<line number="3" hits="1"/>
						<line number="6" hits="1"/>
						<line number="8" hits="1"/>
						<line number="11" hits="1"/>
						<line number="14" hits="1"/>
						<line number="15" hits="1"/>
						<line number="18" hits="1"/>
						<line number="19" hits="1"/>
						<line number="22" hits="1"/>
						<line number="23" hits="1"/>
						<line number="24" hits="1"/>
						<line number="25" hits="1"/>
						<line number="26" hits="1"/>
						<line number="28" hits="1"/>
					</lines>
				</class>
				<class name="model.py" filename="model.py" complexity="0" line-rate="0.9783" branch-rate="0">
					<methods/>
					<lines>
						<line number="3" hits="1"/>
						<line number="4" hits="1"/>
						<line number="5" hits="1"/>
						<line number="6" hits="1"/>
						<line number="7" hits="1"/>
						<line number="8" hits="1"/>
						<line number="9" hits="1"/>
						<line number="10" hits="1"/>
						<line number="11" hits="1"/>
						<line number="14" hits="1"/>
						<line number="15" hits="1"/>
						<line number="26" hits="1"/>
						<line number="28" hits="1"/>
						<line number="29" hits="1"/>
						<line number="30" hits="1"/>
						<line number="31" hits="1"/>
						<line number="38" hits="1"/>
						<line number="39" hits="1"/>
						<line number="40" hits="1"/>
						<line number="43" hits="1"/>
						<line number="44" hits="1"/>
						<line number="46" hits="1"/>
						<line number="48" hits="1"/>
						<line number="52" hits="1"/>
						<line number="54" hits="1"/>
						<line number="56" hits="1"/>
						<line number="57" hits="1"/>
						<line number="58" hits="1"/>
						<line number="60" hits="1"/>
						<line number="63" hits="1"/>
						<line number="74" hits="1"/>
						<line number="98" hits="1"/>
						<line number="99" hits="1"/>
						<line number="102" hits="1"/>
						<line number="103" hits="1"/>
						<line number="105" hits="1"/>
						<line number="108" hits="1"/>
						<line number="116" hits="1"/>
						<line number="117" hits="1"/>
						<line number="120" hits="1"/>
						<line number="121" hits="1"/>
						<line number="123" hits="1"/>
						<line number="124" hits="1"/>
						<line number="126" hits="1"/>
						<line number="130" hits="1"/>
						<line number="134" hits="0"/>
					</lines>
				</class>
			</classes>
		</package>
	</packages>
</coverage>
